Using pre-set license
Built from '2021.3/staging' branch; Version is '2021.3.0f1 (6eacc8284459) revision 7253192'; Using compiler version '192829333'; Build Type 'Release'
OS: 'Windows 11  (10.0.22000) 64bit Professional' Language: 'en' Physical Memory: 8072 MB
BatchMode: 1, IsHumanControllingUs: 0, StartBugReporterOnCrash: 0, Is64bit: 1, IsPro: 1

COMMAND LINE ARGUMENTS:
C:\Program Files\Unity\Hub\Editor\2021.3.0f1\Editor\Unity.exe
-adb2
-batchMode
-noUpm
-name
AssetImportWorker1
-projectPath
C:/Users/lukas/Documents/Projekty/morality-abyss
-logFile
Logs/AssetImportWorker1.log
-srvPort
50473
Successfully changed project path to: C:/Users/lukas/Documents/Projekty/morality-abyss
C:/Users/lukas/Documents/Projekty/morality-abyss
[UnityMemory] Configuration Parameters - Can be set up in boot.config
    "memorysetup-bucket-allocator-granularity=16"
    "memorysetup-bucket-allocator-bucket-count=8"
    "memorysetup-bucket-allocator-block-size=33554432"
    "memorysetup-bucket-allocator-block-count=8"
    "memorysetup-main-allocator-block-size=16777216"
    "memorysetup-thread-allocator-block-size=16777216"
    "memorysetup-gfx-main-allocator-block-size=16777216"
    "memorysetup-gfx-thread-allocator-block-size=16777216"
    "memorysetup-cache-allocator-block-size=4194304"
    "memorysetup-typetree-allocator-block-size=2097152"
    "memorysetup-profiler-bucket-allocator-granularity=16"
    "memorysetup-profiler-bucket-allocator-bucket-count=8"
    "memorysetup-profiler-bucket-allocator-block-size=33554432"
    "memorysetup-profiler-bucket-allocator-block-count=8"
    "memorysetup-profiler-allocator-block-size=16777216"
    "memorysetup-profiler-editor-allocator-block-size=1048576"
    "memorysetup-temp-allocator-size-main=16777216"
    "memorysetup-job-temp-allocator-block-size=2097152"
    "memorysetup-job-temp-allocator-block-size-background=1048576"
    "memorysetup-job-temp-allocator-reduction-small-platforms=262144"
    "memorysetup-temp-allocator-size-background-worker=32768"
    "memorysetup-temp-allocator-size-job-worker=262144"
    "memorysetup-temp-allocator-size-preload-manager=33554432"
    "memorysetup-temp-allocator-size-nav-mesh-worker=65536"
    "memorysetup-temp-allocator-size-audio-worker=65536"
    "memorysetup-temp-allocator-size-cloud-worker=32768"
    "memorysetup-temp-allocator-size-gi-baking-worker=262144"
    "memorysetup-temp-allocator-size-gfx=262144"
Refreshing native plugins compatible for Editor in 41.64 ms, found 0 plugins.
Preloading 0 native plugins for Editor in 0.00 ms.
Initialize engine version: 2021.3.0f1 (6eacc8284459)
[Subsystems] Discovering subsystems at path C:/Program Files/Unity/Hub/Editor/2021.3.0f1/Editor/Data/Resources/UnitySubsystems
[Subsystems] Discovering subsystems at path C:/Users/lukas/Documents/Projekty/morality-abyss/Assets
GfxDevice: creating device client; threaded=0; jobified=0
Direct3D:
    Version:  Direct3D 11.0 [level 11.1]
    Renderer: Intel(R) HD Graphics 620 (ID=0x5916)
    Vendor:   Intel
    VRAM:     4036 MB
    Driver:   31.0.101.1717
Initialize mono
Mono path[0] = 'C:/Program Files/Unity/Hub/Editor/2021.3.0f1/Editor/Data/Managed'
Mono path[1] = 'C:/Program Files/Unity/Hub/Editor/2021.3.0f1/Editor/Data/MonoBleedingEdge/lib/mono/unityjit-win32'
Mono config path = 'C:/Program Files/Unity/Hub/Editor/2021.3.0f1/Editor/Data/MonoBleedingEdge/etc'
Using monoOptions --debugger-agent=transport=dt_socket,embedding=1,server=y,suspend=n,address=127.0.0.1:56648
Begin MonoManager ReloadAssembly
Registering precompiled unity dll's ...
Register platform support module: C:/Program Files/Unity/Hub/Editor/2021.3.0f1/Editor/Data/PlaybackEngines/WebGLSupport/UnityEditor.WebGL.Extensions.dll
Register platform support module: C:/Program Files/Unity/Hub/Editor/2021.3.0f1/Editor/Data/PlaybackEngines/MacStandaloneSupport/UnityEditor.OSXStandalone.Extensions.dll
Register platform support module: C:/Program Files/Unity/Hub/Editor/2021.3.0f1/Editor/Data/PlaybackEngines/AndroidPlayer/UnityEditor.Android.Extensions.dll
Register platform support module: C:/Program Files/Unity/Hub/Editor/2021.3.0f1/Editor/Data/PlaybackEngines/iOSSupport/UnityEditor.iOS.Extensions.dll
Register platform support module: C:/Program Files/Unity/Hub/Editor/2021.3.0f1/Editor/Data/PlaybackEngines/WindowsStandaloneSupport/UnityEditor.WindowsStandalone.Extensions.dll
Register platform support module: C:/Program Files/Unity/Hub/Editor/2021.3.0f1/Editor/Data/PlaybackEngines/LinuxStandaloneSupport/UnityEditor.LinuxStandalone.Extensions.dll
Registered in 0.015200 seconds.
Native extension for LinuxStandalone target not found
Native extension for WindowsStandalone target not found
[usbmuxd] Start listen thread
[usbmuxd] Listen thread started
Native extension for iOS target not found
Native extension for Android target not found
Native extension for OSXStandalone target not found
Native extension for WebGL target not found
Refreshing native plugins compatible for Editor in 39.53 ms, found 0 plugins.
Preloading 0 native plugins for Editor in 0.00 ms.
Mono: successfully reloaded assembly
- Completed reload, in  1.307 seconds
Domain Reload Profiling:
	ReloadAssembly (1308ms)
		BeginReloadAssembly (146ms)
			ExecutionOrderSort (0ms)
			DisableScriptedObjects (0ms)
			BackupInstance (0ms)
			ReleaseScriptingObjects (0ms)
			CreateAndSetChildDomain (1ms)
		EndReloadAssembly (930ms)
			LoadAssemblies (145ms)
			RebuildTransferFunctionScriptingTraits (0ms)
			SetupTypeCache (205ms)
			ReleaseScriptCaches (0ms)
			RebuildScriptCaches (56ms)
			SetupLoadedEditorAssemblies (580ms)
				LogAssemblyErrors (0ms)
				InitializePlatformSupportModulesInManaged (136ms)
				SetLoadedEditorAssemblies (0ms)
				RefreshPlugins (40ms)
				BeforeProcessingInitializeOnLoad (3ms)
				ProcessInitializeOnLoadAttributes (281ms)
				ProcessInitializeOnLoadMethodAttributes (120ms)
				AfterProcessingInitializeOnLoad (0ms)
				EditorAssembliesLoaded (0ms)
			ExecutionOrderSort2 (0ms)
			AwakeInstancesAfterBackupRestoration (0ms)
Platform modules already initialized, skipping
Registering precompiled user dll's ...
Registered in 0.001041 seconds.
Begin MonoManager ReloadAssembly
Native extension for LinuxStandalone target not found
Native extension for WindowsStandalone target not found
Native extension for iOS target not found
Native extension for Android target not found
Native extension for OSXStandalone target not found
Native extension for WebGL target not found
Refreshing native plugins compatible for Editor in 0.89 ms, found 0 plugins.
Preloading 0 native plugins for Editor in 0.00 ms.
Mono: successfully reloaded assembly
- Completed reload, in 20.129 seconds
Domain Reload Profiling:
	ReloadAssembly (20131ms)
		BeginReloadAssembly (378ms)
			ExecutionOrderSort (0ms)
			DisableScriptedObjects (9ms)
			BackupInstance (0ms)
			ReleaseScriptingObjects (0ms)
			CreateAndSetChildDomain (143ms)
		EndReloadAssembly (19242ms)
			LoadAssemblies (170ms)
			RebuildTransferFunctionScriptingTraits (0ms)
			SetupTypeCache (17443ms)
			ReleaseScriptCaches (1ms)
			RebuildScriptCaches (223ms)
			SetupLoadedEditorAssemblies (1038ms)
				LogAssemblyErrors (0ms)
				InitializePlatformSupportModulesInManaged (540ms)
				SetLoadedEditorAssemblies (1ms)
				RefreshPlugins (1ms)
				BeforeProcessingInitializeOnLoad (108ms)
				ProcessInitializeOnLoadAttributes (333ms)
				ProcessInitializeOnLoadMethodAttributes (44ms)
				AfterProcessingInitializeOnLoad (11ms)
				EditorAssembliesLoaded (0ms)
			ExecutionOrderSort2 (0ms)
			AwakeInstancesAfterBackupRestoration (21ms)
Platform modules already initialized, skipping
========================================================================
Worker process is ready to serve import requests
Launched and connected shader compiler UnityShaderCompiler.exe after 0.33 seconds
Refreshing native plugins compatible for Editor in 0.52 ms, found 0 plugins.
Preloading 0 native plugins for Editor in 0.00 ms.
Unloading 1024 Unused Serialized files (Serialized files now loaded: 0)
Unloading 7 unused Assets / (30.2 KB). Loaded Objects now: 1524.
Memory consumption went from 66.8 MB to 66.8 MB.
Total: 14.761400 ms (FindLiveObjects: 0.208500 ms CreateObjectMapping: 0.106800 ms MarkObjects: 14.410900 ms  DeleteObjects: 0.033400 ms)

AssetImportParameters requested are different than current active one (requested -> active):
  custom:video-decoder-ogg-theora: a1e56fd34408186e4bbccfd4996cb3dc -> 
  custom:container-muxer-webm: aa71ff27fc2769a1b78a27578f13a17b -> 
  custom:container-demuxer-webm: 4f35f7cbe854078d1ac9338744f61a02 -> 
  custom:video-encoder-webm-vp8: eb34c28f22e8b96e1ab97ce403110664 -> 
  custom:audio-encoder-webm-vorbis: bf7c407c2cedff20999df2af8eb42d56 -> 
  custom:framework-win-MediaFoundation: 216162199b28c13a410421893ffa2e32 -> 
  custom:container-demuxer-ogg: 62fdf1f143b41e24485cea50d1cbac27 -> 
  custom:video-decoder-webm-vp8: 9c59270c3fd7afecdb556c50c9e8de78 -> 
  custom:audio-decoder-ogg-vorbis: bf7c407c2cedff20999df2af8eb42d56 -> 
========================================================================
Received Import Request.
  Time since last request: 75748.268226 seconds.
  path: Assets/SFX/Player/Item_pick/item_pick.mp3
  artifactKey: Guid(52850aff207b7951a8181aab0d4734e1) Importer(815301076,1909f56bfc062723c751e8b465ee728b)
Start importing Assets/SFX/Player/Item_pick/item_pick.mp3 using Guid(52850aff207b7951a8181aab0d4734e1) Importer(815301076,1909f56bfc062723c751e8b465ee728b)  -> (artifact id: '84c47d780e8ae5ff6e5ec28d7d5c250f') in 1.224837 seconds 
========================================================================
Received Import Request.
  Time since last request: 0.000054 seconds.
  path: Assets/Models/MenuScene/Materials/officewall.mat
  artifactKey: Guid(30dbf9cbd6a9b066da1ad130fda6774d) Importer(815301076,1909f56bfc062723c751e8b465ee728b)
Start importing Assets/Models/MenuScene/Materials/officewall.mat using Guid(30dbf9cbd6a9b066da1ad130fda6774d) Importer(815301076,1909f56bfc062723c751e8b465ee728b)  -> (artifact id: '14252ed322b79807159b0988862344dc') in 0.626385 seconds 
========================================================================
Received Import Request.
  Time since last request: 0.000469 seconds.
  path: Assets/Sprites/crosshair.png
  artifactKey: Guid(33b32af3ca4b9b3e0a03d03d72c81243) Importer(815301076,1909f56bfc062723c751e8b465ee728b)
Start importing Assets/Sprites/crosshair.png using Guid(33b32af3ca4b9b3e0a03d03d72c81243) Importer(815301076,1909f56bfc062723c751e8b465ee728b)  -> (artifact id: '752f196a2d3bae71ae10baaa4496bc35') in 0.285628 seconds 
========================================================================
Received Import Request.
  Time since last request: 0.000053 seconds.
  path: Assets/Models/MenuScene/Materials/carpet.mat
  artifactKey: Guid(a0200d06bb1a8c0f0b0e85871ff300ea) Importer(815301076,1909f56bfc062723c751e8b465ee728b)
Start importing Assets/Models/MenuScene/Materials/carpet.mat using Guid(a0200d06bb1a8c0f0b0e85871ff300ea) Importer(815301076,1909f56bfc062723c751e8b465ee728b)  -> (artifact id: '47bf174bbaefa06dc03c43f22375ee4a') in 0.053052 seconds 
========================================================================
Received Import Request.
  Time since last request: 0.000034 seconds.
  path: Assets/Prefabs/Crate.prefab
  artifactKey: Guid(39b3f002b47f59497942132ddad3bd52) Importer(815301076,1909f56bfc062723c751e8b465ee728b)
Start importing Assets/Prefabs/Crate.prefab using Guid(39b3f002b47f59497942132ddad3bd52) Importer(815301076,1909f56bfc062723c751e8b465ee728b)  -> (artifact id: '2c323f7957e38f1e5d304cf186405998') in 0.265911 seconds 
========================================================================
Received Import Request.
  Time since last request: 0.000037 seconds.
  path: Assets/Models/MenuScene/Materials/chipboard.mat
  artifactKey: Guid(1421e59010cfdbd1fa85913f1bdd8c30) Importer(815301076,1909f56bfc062723c751e8b465ee728b)
Start importing Assets/Models/MenuScene/Materials/chipboard.mat using Guid(1421e59010cfdbd1fa85913f1bdd8c30) Importer(815301076,1909f56bfc062723c751e8b465ee728b)  -> (artifact id: 'c4a31731198ec37d645b078681becea7') in 0.064927 seconds 
========================================================================
Received Import Request.
  Time since last request: 0.000055 seconds.
  path: Assets/Models/MenuScene/chipboard.png
  artifactKey: Guid(3240039823baa3de285440c5dacbf6ab) Importer(815301076,1909f56bfc062723c751e8b465ee728b)
Start importing Assets/Models/MenuScene/chipboard.png using Guid(3240039823baa3de285440c5dacbf6ab) Importer(815301076,1909f56bfc062723c751e8b465ee728b)  -> (artifact id: 'c20eab26f7a0e9c5a700c73990e8e209') in 0.049436 seconds 
========================================================================
Received Import Request.
  Time since last request: 0.000032 seconds.
  path: Assets/Models/Crate/crate.obj
  artifactKey: Guid(48072f0ae36d00dab8ebf6e7e74bc787) Importer(815301076,1909f56bfc062723c751e8b465ee728b)
Start importing Assets/Models/Crate/crate.obj using Guid(48072f0ae36d00dab8ebf6e7e74bc787) Importer(815301076,1909f56bfc062723c751e8b465ee728b)  -> (artifact id: '461893d6303cf4d657a4c8ae3b076539') in 0.118188 seconds 
========================================================================
Received Import Request.
  Time since last request: 0.000030 seconds.
  path: Assets/Prefabs/Fence Pole.prefab
  artifactKey: Guid(4d4ec68fa308e9c4b993d607becbfe6f) Importer(815301076,1909f56bfc062723c751e8b465ee728b)
Start importing Assets/Prefabs/Fence Pole.prefab using Guid(4d4ec68fa308e9c4b993d607becbfe6f) Importer(815301076,1909f56bfc062723c751e8b465ee728b)  -> (artifact id: '1d5f6d44ac8ea182208d776d72c3332f') in 0.082502 seconds 
========================================================================
Received Import Request.
  Time since last request: 0.000036 seconds.
  path: Assets/Models/Fence Pole/fence_pole.obj
  artifactKey: Guid(0f05eb73b3285844da14a818050c6c1a) Importer(815301076,1909f56bfc062723c751e8b465ee728b)
Start importing Assets/Models/Fence Pole/fence_pole.obj using Guid(0f05eb73b3285844da14a818050c6c1a) Importer(815301076,1909f56bfc062723c751e8b465ee728b)  -> (artifact id: 'f336d0908cda21fab12d014f06befef3') in 0.084497 seconds 
========================================================================
Received Import Request.
  Time since last request: 0.000033 seconds.
  path: Assets/Models/Diamond Pallet/diamond_pallet.obj
  artifactKey: Guid(0e47f7d2755df454585188d353250116) Importer(815301076,1909f56bfc062723c751e8b465ee728b)
Start importing Assets/Models/Diamond Pallet/diamond_pallet.obj using Guid(0e47f7d2755df454585188d353250116) Importer(815301076,1909f56bfc062723c751e8b465ee728b)  -> (artifact id: 'b9bb5ad0ca43eeccb0c69fe9c9aaf09f') in 0.072901 seconds 
========================================================================
Received Import Request.
  Time since last request: 0.000034 seconds.
  path: Assets/Models/MenuScene/Materials/plastic.mat
  artifactKey: Guid(d84f5628a14d617988d88a2224473330) Importer(815301076,1909f56bfc062723c751e8b465ee728b)
Start importing Assets/Models/MenuScene/Materials/plastic.mat using Guid(d84f5628a14d617988d88a2224473330) Importer(815301076,1909f56bfc062723c751e8b465ee728b)  -> (artifact id: 'bfedb4bc68d7112edec919acc037caa0') in 0.058425 seconds 
========================================================================
Received Import Request.
  Time since last request: 0.000035 seconds.
  path: Assets/Scripts/Player/Player_Controller.cs
  artifactKey: Guid(3bba137bf48cbb14ba6d1188bb0d55cb) Importer(815301076,1909f56bfc062723c751e8b465ee728b)
Start importing Assets/Scripts/Player/Player_Controller.cs using Guid(3bba137bf48cbb14ba6d1188bb0d55cb) Importer(815301076,1909f56bfc062723c751e8b465ee728b)  -> (artifact id: '57fae268261986b8f44dd8c4d66e4199') in 0.028124 seconds 
========================================================================
Received Import Request.
  Time since last request: 0.000061 seconds.
  path: Assets/Models/Flat/flat.obj
  artifactKey: Guid(3dfa62d6bb225d7478606e9c7f4a11c0) Importer(815301076,1909f56bfc062723c751e8b465ee728b)
Start importing Assets/Models/Flat/flat.obj using Guid(3dfa62d6bb225d7478606e9c7f4a11c0) Importer(815301076,1909f56bfc062723c751e8b465ee728b)  -> (artifact id: 'ac4f71ca40d066e4448f9a19f1bd47c4') in 0.117429 seconds 
========================================================================
Received Import Request.
  Time since last request: 0.000041 seconds.
  path: Assets/Prefabs/Fence.prefab
  artifactKey: Guid(1419b9f4833c49a48b777ea7cb4854ad) Importer(815301076,1909f56bfc062723c751e8b465ee728b)
Start importing Assets/Prefabs/Fence.prefab using Guid(1419b9f4833c49a48b777ea7cb4854ad) Importer(815301076,1909f56bfc062723c751e8b465ee728b)  -> (artifact id: '420a0961836220d0d5803d46ee208e14') in 0.247326 seconds 
========================================================================
Received Import Request.
  Time since last request: 0.000051 seconds.
  path: Assets/Models/MenuScene/menu_scene.fbx
  artifactKey: Guid(d03872398457915ce871713a5cf13385) Importer(815301076,1909f56bfc062723c751e8b465ee728b)
Start importing Assets/Models/MenuScene/menu_scene.fbx using Guid(d03872398457915ce871713a5cf13385) Importer(815301076,1909f56bfc062723c751e8b465ee728b)  -> (artifact id: 'fef4d3379cd04ac8f30d03cbadc6f183') in 0.538403 seconds 
========================================================================
Received Import Request.
  Time since last request: 0.000040 seconds.
  path: Assets/SFX/Ambience/office_lights.mp3
  artifactKey: Guid(53d5234e26a06e1458279c6843b1f3e8) Importer(815301076,1909f56bfc062723c751e8b465ee728b)
Start importing Assets/SFX/Ambience/office_lights.mp3 using Guid(53d5234e26a06e1458279c6843b1f3e8) Importer(815301076,1909f56bfc062723c751e8b465ee728b)  -> (artifact id: 'df0502486f580c7f4b3f351f6f501c0a') in 0.066838 seconds 
========================================================================
Received Prepare
Registering precompiled user dll's ...
Registered in 0.000954 seconds.
Begin MonoManager ReloadAssembly
Native extension for LinuxStandalone target not found
Native extension for WindowsStandalone target not found
Native extension for iOS target not found
Native extension for Android target not found
Native extension for OSXStandalone target not found
Native extension for WebGL target not found
Refreshing native plugins compatible for Editor in 0.25 ms, found 0 plugins.
Preloading 0 native plugins for Editor in 0.00 ms.
Mono: successfully reloaded assembly
- Completed reload, in  1.491 seconds
Domain Reload Profiling:
	ReloadAssembly (1492ms)
		BeginReloadAssembly (213ms)
			ExecutionOrderSort (0ms)
			DisableScriptedObjects (11ms)
			BackupInstance (0ms)
			ReleaseScriptingObjects (0ms)
			CreateAndSetChildDomain (39ms)
		EndReloadAssembly (1033ms)
			LoadAssemblies (134ms)
			RebuildTransferFunctionScriptingTraits (0ms)
			SetupTypeCache (350ms)
			ReleaseScriptCaches (2ms)
			RebuildScriptCaches (125ms)
			SetupLoadedEditorAssemblies (335ms)
				LogAssemblyErrors (0ms)
				InitializePlatformSupportModulesInManaged (71ms)
				SetLoadedEditorAssemblies (1ms)
				RefreshPlugins (0ms)
				BeforeProcessingInitializeOnLoad (64ms)
				ProcessInitializeOnLoadAttributes (160ms)
				ProcessInitializeOnLoadMethodAttributes (32ms)
				AfterProcessingInitializeOnLoad (7ms)
				EditorAssembliesLoaded (0ms)
			ExecutionOrderSort2 (0ms)
			AwakeInstancesAfterBackupRestoration (13ms)
Platform modules already initialized, skipping
Refreshing native plugins compatible for Editor in 0.57 ms, found 0 plugins.
Preloading 0 native plugins for Editor in 0.00 ms.
Unloading 1018 Unused Serialized files (Serialized files now loaded: 0)
Unloading 2 unused Assets / (31.7 KB). Loaded Objects now: 1576.
Memory consumption went from 71.0 MB to 71.0 MB.
Total: 3.361700 ms (FindLiveObjects: 0.150100 ms CreateObjectMapping: 0.049800 ms MarkObjects: 3.135000 ms  DeleteObjects: 0.024800 ms)

AssetImportParameters requested are different than current active one (requested -> active):
  custom:video-decoder-ogg-theora: a1e56fd34408186e4bbccfd4996cb3dc -> 
  custom:container-muxer-webm: aa71ff27fc2769a1b78a27578f13a17b -> 
  custom:container-demuxer-webm: 4f35f7cbe854078d1ac9338744f61a02 -> 
  custom:video-encoder-webm-vp8: eb34c28f22e8b96e1ab97ce403110664 -> 
  custom:audio-encoder-webm-vorbis: bf7c407c2cedff20999df2af8eb42d56 -> 
  custom:framework-win-MediaFoundation: 216162199b28c13a410421893ffa2e32 -> 
  custom:container-demuxer-ogg: 62fdf1f143b41e24485cea50d1cbac27 -> 
  custom:video-decoder-webm-vp8: 9c59270c3fd7afecdb556c50c9e8de78 -> 
  custom:audio-decoder-ogg-vorbis: bf7c407c2cedff20999df2af8eb42d56 -> 
========================================================================
Received Prepare
Registering precompiled user dll's ...
Registered in 0.000832 seconds.
Begin MonoManager ReloadAssembly
Native extension for LinuxStandalone target not found
Native extension for WindowsStandalone target not found
Native extension for iOS target not found
Native extension for Android target not found
Native extension for OSXStandalone target not found
Native extension for WebGL target not found
Refreshing native plugins compatible for Editor in 0.49 ms, found 0 plugins.
Preloading 0 native plugins for Editor in 0.00 ms.
Mono: successfully reloaded assembly
- Completed reload, in  1.694 seconds
Domain Reload Profiling:
	ReloadAssembly (1696ms)
		BeginReloadAssembly (243ms)
			ExecutionOrderSort (0ms)
			DisableScriptedObjects (12ms)
			BackupInstance (0ms)
			ReleaseScriptingObjects (0ms)
			CreateAndSetChildDomain (40ms)
		EndReloadAssembly (1230ms)
			LoadAssemblies (163ms)
			RebuildTransferFunctionScriptingTraits (0ms)
			SetupTypeCache (301ms)
			ReleaseScriptCaches (1ms)
			RebuildScriptCaches (96ms)
			SetupLoadedEditorAssemblies (592ms)
				LogAssemblyErrors (0ms)
				InitializePlatformSupportModulesInManaged (196ms)
				SetLoadedEditorAssemblies (1ms)
				RefreshPlugins (1ms)
				BeforeProcessingInitializeOnLoad (88ms)
				ProcessInitializeOnLoadAttributes (240ms)
				ProcessInitializeOnLoadMethodAttributes (56ms)
				AfterProcessingInitializeOnLoad (11ms)
				EditorAssembliesLoaded (0ms)
			ExecutionOrderSort2 (0ms)
			AwakeInstancesAfterBackupRestoration (19ms)
Platform modules already initialized, skipping
Refreshing native plugins compatible for Editor in 0.60 ms, found 0 plugins.
Preloading 0 native plugins for Editor in 0.00 ms.
Unloading 1018 Unused Serialized files (Serialized files now loaded: 0)
Unloading 2 unused Assets / (31.7 KB). Loaded Objects now: 1579.
Memory consumption went from 71.0 MB to 71.0 MB.
Total: 5.466500 ms (FindLiveObjects: 0.184600 ms CreateObjectMapping: 0.110300 ms MarkObjects: 5.146300 ms  DeleteObjects: 0.022800 ms)

AssetImportParameters requested are different than current active one (requested -> active):
  custom:video-decoder-ogg-theora: a1e56fd34408186e4bbccfd4996cb3dc -> 
  custom:container-muxer-webm: aa71ff27fc2769a1b78a27578f13a17b -> 
  custom:container-demuxer-webm: 4f35f7cbe854078d1ac9338744f61a02 -> 
  custom:video-encoder-webm-vp8: eb34c28f22e8b96e1ab97ce403110664 -> 
  custom:audio-encoder-webm-vorbis: bf7c407c2cedff20999df2af8eb42d56 -> 
  custom:framework-win-MediaFoundation: 216162199b28c13a410421893ffa2e32 -> 
  custom:container-demuxer-ogg: 62fdf1f143b41e24485cea50d1cbac27 -> 
  custom:video-decoder-webm-vp8: 9c59270c3fd7afecdb556c50c9e8de78 -> 
  custom:audio-decoder-ogg-vorbis: bf7c407c2cedff20999df2af8eb42d56 -> 
========================================================================
Received Import Request.
  Time since last request: 234.305246 seconds.
  path: Assets/Camera.controller
  artifactKey: Guid(0d215a1fab349434fab9fb897d0acaf4) Importer(815301076,1909f56bfc062723c751e8b465ee728b)
Start importing Assets/Camera.controller using Guid(0d215a1fab349434fab9fb897d0acaf4) Importer(815301076,1909f56bfc062723c751e8b465ee728b)  -> (artifact id: '13090679709cbe93c19cfc4b4ad05f4d') in 0.087353 seconds 
========================================================================
Received Prepare
Registering precompiled user dll's ...
Registered in 0.000592 seconds.
Begin MonoManager ReloadAssembly
Native extension for LinuxStandalone target not found
Native extension for WindowsStandalone target not found
Native extension for iOS target not found
Native extension for Android target not found
Native extension for OSXStandalone target not found
Native extension for WebGL target not found
Refreshing native plugins compatible for Editor in 0.26 ms, found 0 plugins.
Preloading 0 native plugins for Editor in 0.00 ms.
Mono: successfully reloaded assembly
- Completed reload, in  1.263 seconds
Domain Reload Profiling:
	ReloadAssembly (1264ms)
		BeginReloadAssembly (190ms)
			ExecutionOrderSort (0ms)
			DisableScriptedObjects (11ms)
			BackupInstance (0ms)
			ReleaseScriptingObjects (0ms)
			CreateAndSetChildDomain (39ms)
		EndReloadAssembly (907ms)
			LoadAssemblies (116ms)
			RebuildTransferFunctionScriptingTraits (0ms)
			SetupTypeCache (248ms)
			ReleaseScriptCaches (1ms)
			RebuildScriptCaches (74ms)
			SetupLoadedEditorAssemblies (406ms)
				LogAssemblyErrors (0ms)
				InitializePlatformSupportModulesInManaged (72ms)
				SetLoadedEditorAssemblies (1ms)
				RefreshPlugins (0ms)
				BeforeProcessingInitializeOnLoad (75ms)
				ProcessInitializeOnLoadAttributes (199ms)
				ProcessInitializeOnLoadMethodAttributes (46ms)
				AfterProcessingInitializeOnLoad (13ms)
				EditorAssembliesLoaded (0ms)
			ExecutionOrderSort2 (0ms)
			AwakeInstancesAfterBackupRestoration (14ms)
Platform modules already initialized, skipping
Refreshing native plugins compatible for Editor in 0.84 ms, found 0 plugins.
Preloading 0 native plugins for Editor in 0.00 ms.
Unloading 1018 Unused Serialized files (Serialized files now loaded: 0)
Unloading 2 unused Assets / (31.8 KB). Loaded Objects now: 1582.
Memory consumption went from 71.0 MB to 71.0 MB.
Total: 3.759600 ms (FindLiveObjects: 0.262600 ms CreateObjectMapping: 0.076500 ms MarkObjects: 3.106300 ms  DeleteObjects: 0.311600 ms)

AssetImportParameters requested are different than current active one (requested -> active):
  custom:video-decoder-ogg-theora: a1e56fd34408186e4bbccfd4996cb3dc -> 
  custom:container-muxer-webm: aa71ff27fc2769a1b78a27578f13a17b -> 
  custom:container-demuxer-webm: 4f35f7cbe854078d1ac9338744f61a02 -> 
  custom:video-encoder-webm-vp8: eb34c28f22e8b96e1ab97ce403110664 -> 
  custom:audio-encoder-webm-vorbis: bf7c407c2cedff20999df2af8eb42d56 -> 
  custom:framework-win-MediaFoundation: 216162199b28c13a410421893ffa2e32 -> 
  custom:container-demuxer-ogg: 62fdf1f143b41e24485cea50d1cbac27 -> 
  custom:video-decoder-webm-vp8: 9c59270c3fd7afecdb556c50c9e8de78 -> 
  custom:audio-decoder-ogg-vorbis: bf7c407c2cedff20999df2af8eb42d56 -> 
========================================================================
Received Import Request.
  Time since last request: 1071.577364 seconds.
  path: Assets/CameraWalk.anim
  artifactKey: Guid(190ceb0f025e0014583f1bc81ddd6168) Importer(815301076,1909f56bfc062723c751e8b465ee728b)
Start importing Assets/CameraWalk.anim using Guid(190ceb0f025e0014583f1bc81ddd6168) Importer(815301076,1909f56bfc062723c751e8b465ee728b)  -> (artifact id: 'ddd4f27c8bb7125ecf6f57d6052400bb') in 0.110204 seconds 
========================================================================
Received Import Request.
  Time since last request: 183.409612 seconds.
  path: Assets/Sprites
  artifactKey: Guid(2b0e8f62f20a27f479c89d51b8a01ee5) Importer(815301076,1909f56bfc062723c751e8b465ee728b)
Start importing Assets/Sprites using Guid(2b0e8f62f20a27f479c89d51b8a01ee5) Importer(815301076,1909f56bfc062723c751e8b465ee728b)  -> (artifact id: '39df6f1281a34c897e9eb455d4337e5a') in 0.025282 seconds 
========================================================================
Received Import Request.
  Time since last request: 3.999403 seconds.
  path: Assets/Sprites/Materials
  artifactKey: Guid(64a35e15d95b27d4ca63f30e26388106) Importer(815301076,1909f56bfc062723c751e8b465ee728b)
Start importing Assets/Sprites/Materials using Guid(64a35e15d95b27d4ca63f30e26388106) Importer(815301076,1909f56bfc062723c751e8b465ee728b)  -> (artifact id: '372067dc0707945532cfe42b786c50f6') in 0.023869 seconds 
========================================================================
Received Import Request.
  Time since last request: 0.050965 seconds.
  path: Assets/Sprites/Materials/note.mat
  artifactKey: Guid(35754eab2d454244283151c4fa1693cf) Importer(815301076,1909f56bfc062723c751e8b465ee728b)
Start importing Assets/Sprites/Materials/note.mat using Guid(35754eab2d454244283151c4fa1693cf) Importer(815301076,1909f56bfc062723c751e8b465ee728b)  -> (artifact id: '87ee06d19034b8e168bdaccf86309f3f') in 0.195743 seconds 
========================================================================
Received Import Request.
  Time since last request: 0.000040 seconds.
  path: Assets/Sprites/Materials/veselij_budinok.mat
  artifactKey: Guid(2e9a7c1bf87bdc74eae551300f0a0b67) Importer(815301076,1909f56bfc062723c751e8b465ee728b)
Start importing Assets/Sprites/Materials/veselij_budinok.mat using Guid(2e9a7c1bf87bdc74eae551300f0a0b67) Importer(815301076,1909f56bfc062723c751e8b465ee728b)  -> (artifact id: '25c47ac7a35e2931e295d02979ba52c3') in 0.084806 seconds 
========================================================================
Received Import Request.
  Time since last request: 0.000043 seconds.
  path: Assets/Sprites/Materials/note_b.mat
  artifactKey: Guid(8d620783d0720cc4ea212f07ba5e3ab9) Importer(815301076,1909f56bfc062723c751e8b465ee728b)
Start importing Assets/Sprites/Materials/note_b.mat using Guid(8d620783d0720cc4ea212f07ba5e3ab9) Importer(815301076,1909f56bfc062723c751e8b465ee728b)  -> (artifact id: '60f5f01a8f36bf769f9aa582ad5f00be') in 0.086012 seconds 
========================================================================
Received Import Request.
  Time since last request: 1.904067 seconds.
  path: Assets/Sprites/Flashlight
  artifactKey: Guid(c73e6798561a8ad429b04ee108a3d5b7) Importer(815301076,1909f56bfc062723c751e8b465ee728b)
Start importing Assets/Sprites/Flashlight using Guid(c73e6798561a8ad429b04ee108a3d5b7) Importer(815301076,1909f56bfc062723c751e8b465ee728b)  -> (artifact id: '71b3413bfc0d2bf911391fe4984d648c') in 0.021830 seconds 
